<?xml version="1.0" encoding="UTF-8"?>
<!-- Generated by org.testng.reporters.JUnitReportReporter -->
<testsuite hostname="DESKTOP-ACRI0R8" failures="0" tests="1" name="testCases.TC001_AcountRegistration" time="2.923" errors="0" timestamp="2024-12-28T21:01:19 IST" skipped="0">
  <testcase classname="testCases.TC001_AcountRegistration" name="test" time="2.923"/>
</testsuite> <!-- testCases.TC001_AcountRegistration -->
