<?xml version="1.0" encoding="UTF-8"?>
<!-- Generated by org.testng.reporters.JUnitReportReporter -->
<testsuite hostname="DESKTOP-ACRI0R8" failures="0" tests="5" name="testCases.TC003__DDTTest" time="31.050" errors="0" timestamp="2024-12-29T18:33:10 IST" skipped="0">
  <testcase classname="testCases.TC003__DDTTest" name="loginDemo" time="11.573"/>
  <testcase classname="testCases.TC003__DDTTest" name="loginDemo" time="2.277"/>
  <testcase classname="testCases.TC003__DDTTest" name="loginDemo" time="11.491"/>
  <testcase classname="testCases.TC003__DDTTest" name="loginDemo" time="3.795"/>
  <testcase classname="testCases.TC003__DDTTest" name="loginDemo" time="1.914"/>
</testsuite> <!-- testCases.TC003__DDTTest -->
