<?xml version="1.0" encoding="UTF-8"?>
<!-- Generated by org.testng.reporters.JUnitReportReporter -->
<testsuite hostname="DESKTOP-ACRI0R8" failures="0" tests="1" name="testCases.TCOO2_ValidLoginCredentials" time="1.959" errors="0" timestamp="2024-12-30T15:42:30 IST" skipped="0">
  <testcase classname="testCases.TCOO2_ValidLoginCredentials" name="validLogin" time="1.959"/>
</testsuite> <!-- testCases.TCOO2_ValidLoginCredentials -->
